Using pre-set license
Built from '2020.3/staging' branch; Version is '2020.3.14f1 (d0d1bb862f9d) revision 13685179'; Using compiler version '192528614'; Build Type 'Release'
OS: 'Windows 10 Home Single Language; OS build 19042.1165; Version 2009; 64bit' Language: 'en' Physical Memory: 7541 MB
BatchMode: 1, IsHumanControllingUs: 0, StartBugReporterOnCrash: 0, Is64bit: 1, IsPro: 0

 COMMAND LINE ARGUMENTS:
D:\Software\Installed\UnitySetUp\2020.3.14f1\Editor\Unity.exe
-adb2
-batchMode
-noUpm
-name
AssetImportWorker0
-projectPath
D:/Programs/Unity/Placement-Prepration/Aptitude Reasoning and others
-logFile
Logs/AssetImportWorker0.log
-srvPort
61576
Successfully changed project path to: D:/Programs/Unity/Placement-Prepration/Aptitude Reasoning and others
D:/Programs/Unity/Placement-Prepration/Aptitude Reasoning and others
Using Asset Import Pipeline V2.
Refreshing native plugins compatible for Editor in 43.39 ms, found 2 plugins.
Preloading 0 native plugins for Editor in 0.00 ms.
Initialize engine version: 2020.3.14f1 (d0d1bb862f9d)
[Subsystems] Discovering subsystems at path D:/Software/Installed/UnitySetUp/2020.3.14f1/Editor/Data/Resources/UnitySubsystems
[Subsystems] Discovering subsystems at path D:/Programs/Unity/Placement-Prepration/Aptitude Reasoning and others/Assets
GfxDevice: creating device client; threaded=0
Direct3D:
    Version:  Direct3D 11.0 [level 11.1]
    Renderer: NVIDIA GeForce GTX 1650 Ti (ID=0x1f95)
    Vendor:   
    VRAM:     3962 MB
    Driver:   30.0.14.7168
Initialize mono
Mono path[0] = 'D:/Software/Installed/UnitySetUp/2020.3.14f1/Editor/Data/Managed'
Mono path[1] = 'D:/Software/Installed/UnitySetUp/2020.3.14f1/Editor/Data/MonoBleedingEdge/lib/mono/unityjit'
Mono config path = 'D:/Software/Installed/UnitySetUp/2020.3.14f1/Editor/Data/MonoBleedingEdge/etc'
Using monoOptions --debugger-agent=transport=dt_socket,embedding=1,server=y,suspend=n,address=127.0.0.1:56100
Begin MonoManager ReloadAssembly
Registering precompiled unity dll's ...
Register platform support module: D:/Software/Installed/UnitySetUp/2020.3.14f1/Editor/Data/PlaybackEngines/WebGLSupport/UnityEditor.WebGL.Extensions.dll
Register platform support module: D:/Software/Installed/UnitySetUp/2020.3.14f1/Editor/Data/PlaybackEngines/MacStandaloneSupport/UnityEditor.OSXStandalone.Extensions.dll
Register platform support module: D:/Software/Installed/UnitySetUp/2020.3.14f1/Editor/Data/PlaybackEngines/WindowsStandaloneSupport/UnityEditor.WindowsStandalone.Extensions.dll
Register platform support module: D:/Software/Installed/UnitySetUp/2020.3.14f1/Editor/Data/PlaybackEngines/LinuxStandaloneSupport/UnityEditor.LinuxStandalone.Extensions.dll
Registered in 0.002829 seconds.
Native extension for LinuxStandalone target not found
Native extension for WindowsStandalone target not found
Native extension for OSXStandalone target not found
Native extension for WebGL target not found
Refreshing native plugins compatible for Editor in 40.56 ms, found 2 plugins.
Preloading 0 native plugins for Editor in 0.00 ms.
Mono: successfully reloaded assembly
- Completed reload, in  3.055 seconds
Domain Reload Profiling:
	ReloadAssembly (3055ms)
		BeginReloadAssembly (92ms)
			ExecutionOrderSort (0ms)
			DisableScriptedObjects (0ms)
			BackupInstance (0ms)
			ReleaseScriptingObjects (0ms)
			CreateAndSetChildDomain (1ms)
		EndReloadAssembly (579ms)
			LoadAssemblies (91ms)
			RebuildTransferFunctionScriptingTraits (0ms)
			SetupTypeCache (230ms)
			ReleaseScriptCaches (0ms)
			RebuildScriptCaches (39ms)
			SetupLoadedEditorAssemblies (215ms)
				LogAssemblyErrors (0ms)
				InitializePlatformSupportModulesInManaged (10ms)
				SetLoadedEditorAssemblies (0ms)
				RefreshPlugins (41ms)
				BeforeProcessingInitializeOnLoad (19ms)
				ProcessInitializeOnLoadAttributes (106ms)
				ProcessInitializeOnLoadMethodAttributes (39ms)
				AfterProcessingInitializeOnLoad (0ms)
				EditorAssembliesLoaded (0ms)
			ExecutionOrderSort2 (0ms)
			AwakeInstancesAfterBackupRestoration (0ms)
Platform modules already initialized, skipping
Registering precompiled user dll's ...
Registered in 0.005060 seconds.
Begin MonoManager ReloadAssembly
Native extension for LinuxStandalone target not found
Native extension for WindowsStandalone target not found
Native extension for OSXStandalone target not found
Native extension for WebGL target not found
Refreshing native plugins compatible for Editor in 0.43 ms, found 2 plugins.
Preloading 0 native plugins for Editor in 0.00 ms.
Mono: successfully reloaded assembly
- Completed reload, in  1.494 seconds
Domain Reload Profiling:
	ReloadAssembly (1496ms)
		BeginReloadAssembly (219ms)
			ExecutionOrderSort (0ms)
			DisableScriptedObjects (6ms)
			BackupInstance (0ms)
			ReleaseScriptingObjects (0ms)
			CreateAndSetChildDomain (24ms)
		EndReloadAssembly (1187ms)
			LoadAssemblies (131ms)
			RebuildTransferFunctionScriptingTraits (0ms)
			SetupTypeCache (407ms)
			ReleaseScriptCaches (0ms)
			RebuildScriptCaches (71ms)
			SetupLoadedEditorAssemblies (440ms)
				LogAssemblyErrors (0ms)
				InitializePlatformSupportModulesInManaged (12ms)
				SetLoadedEditorAssemblies (1ms)
				RefreshPlugins (1ms)
				BeforeProcessingInitializeOnLoad (137ms)
				ProcessInitializeOnLoadAttributes (281ms)
				ProcessInitializeOnLoadMethodAttributes (5ms)
				AfterProcessingInitializeOnLoad (4ms)
				EditorAssembliesLoaded (0ms)
			ExecutionOrderSort2 (0ms)
			AwakeInstancesAfterBackupRestoration (9ms)
Platform modules already initialized, skipping
========================================================================
Worker process is ready to serve import requests
Launched and connected shader compiler UnityShaderCompiler.exe after 0.07 seconds
Refreshing native plugins compatible for Editor in 0.58 ms, found 2 plugins.
Preloading 0 native plugins for Editor in 0.00 ms.
Unloading 1391 Unused Serialized files (Serialized files now loaded: 0)
System memory in use before: 64.7 MB.
System memory in use after: 64.7 MB.

Unloading 18 unused Assets to reduce memory usage. Loaded Objects now: 1826.
Total: 2.486900 ms (FindLiveObjects: 0.179100 ms CreateObjectMapping: 0.050400 ms MarkObjects: 2.173100 ms  DeleteObjects: 0.082600 ms)

AssetImportParameters requested are different than current active one (requested -> active):
  custom:framework-win-MediaFoundation: 216162199b28c13a410421893ffa2e32 -> 
  custom:video-decoder-ogg-theora: a1e56fd34408186e4bbccfd4996cb3dc -> 
  custom:container-muxer-webm: aa71ff27fc2769a1b78a27578f13a17b -> 
  custom:container-demuxer-webm: 4f35f7cbe854078d1ac9338744f61a02 -> 
  custom:container-demuxer-ogg: 62fdf1f143b41e24485cea50d1cbac27 -> 
  custom:video-encoder-webm-vp8: eb34c28f22e8b96e1ab97ce403110664 -> 
  custom:video-codec-MediaFoundation-h265: 746d11721c4dcdbdad8f713fa42b33f4 -> 
  custom:video-decoder-webm-vp8: 9c59270c3fd7afecdb556c50c9e8de78 -> 
  custom:audio-decoder-ogg-vorbis: bf7c407c2cedff20999df2af8eb42d56 -> 
  custom:audio-encoder-webm-vorbis: bf7c407c2cedff20999df2af8eb42d56 -> 
========================================================================
Received Import Request.
  path: Assets/icon.png
  artifactKey: Guid(2b36ff09f1a628c499f9f96e805a24bd) Importer(815301076,1909f56bfc062723c751e8b465ee728b)
Start importing Assets/icon.png using Guid(2b36ff09f1a628c499f9f96e805a24bd) Importer(815301076,1909f56bfc062723c751e8b465ee728b)  -> (artifact id: 'e7f9caa8809117082d01be6e26e853cb') in 0.082711 seconds 
  Import took 0.085876 seconds .

========================================================================
Received Import Request.
  Time since last request: 1.213378 seconds.
  path: Assets/Imports/a947bd4c30c0.png
  artifactKey: Guid(038f1a9654cf48b429e485633a04be25) Importer(815301076,1909f56bfc062723c751e8b465ee728b)
Start importing Assets/Imports/a947bd4c30c0.png using Guid(038f1a9654cf48b429e485633a04be25) Importer(815301076,1909f56bfc062723c751e8b465ee728b)  -> (artifact id: 'e13998984357ea9f11336eac88553f0a') in 0.085107 seconds 
  Import took 0.090048 seconds .

========================================================================
Received Import Request.
  Time since last request: 0.000593 seconds.
  path: Assets/Imports/loading-icon-png-9.jpg
  artifactKey: Guid(b20ba920fbc0182449dba7a8de85034e) Importer(815301076,1909f56bfc062723c751e8b465ee728b)
Start importing Assets/Imports/loading-icon-png-9.jpg using Guid(b20ba920fbc0182449dba7a8de85034e) Importer(815301076,1909f56bfc062723c751e8b465ee728b)  -> (artifact id: '15517363e85c456ea96deab13a192f79') in 0.029769 seconds 
  Import took 0.035518 seconds .

========================================================================
Received Import Request.
  Time since last request: 0.000455 seconds.
  path: Assets/Imports/checkbox-icon-25.jpg
  artifactKey: Guid(80ea4c6588651da4d96656aad48e00f9) Importer(815301076,1909f56bfc062723c751e8b465ee728b)
Start importing Assets/Imports/checkbox-icon-25.jpg using Guid(80ea4c6588651da4d96656aad48e00f9) Importer(815301076,1909f56bfc062723c751e8b465ee728b)  -> (artifact id: 'edd565b5d5ca4dc479379e2726003fa1') in 0.027561 seconds 
  Import took 0.032381 seconds .

========================================================================
Received Import Request.
  Time since last request: 0.000380 seconds.
  path: Assets/Imports/forward-icon-png-11.jpg
  artifactKey: Guid(2d6ae16472a126f41a38a18a7b0aa9d6) Importer(815301076,1909f56bfc062723c751e8b465ee728b)
Start importing Assets/Imports/forward-icon-png-11.jpg using Guid(2d6ae16472a126f41a38a18a7b0aa9d6) Importer(815301076,1909f56bfc062723c751e8b465ee728b)  -> (artifact id: 'b770a6b2c4858ca31e5149c858ddc282') in 0.021102 seconds 
  Import took 0.025241 seconds .

========================================================================
Received Import Request.
  Time since last request: 0.000382 seconds.
  path: Assets/Imports/x-button-icon-5.jpg
  artifactKey: Guid(cd78861e70c586a439dc7421501bde40) Importer(815301076,1909f56bfc062723c751e8b465ee728b)
Start importing Assets/Imports/x-button-icon-5.jpg using Guid(cd78861e70c586a439dc7421501bde40) Importer(815301076,1909f56bfc062723c751e8b465ee728b)  -> (artifact id: '38586e0084ea95a21b416a7988cdc110') in 0.022884 seconds 
  Import took 0.026870 seconds .

========================================================================
Received Import Request.
  Time since last request: 0.000436 seconds.
  path: Assets/Imports/back-icon-png-9.jpg
  artifactKey: Guid(cc71c8baab6e7504394ce3bfdc7c0f87) Importer(815301076,1909f56bfc062723c751e8b465ee728b)
Start importing Assets/Imports/back-icon-png-9.jpg using Guid(cc71c8baab6e7504394ce3bfdc7c0f87) Importer(815301076,1909f56bfc062723c751e8b465ee728b)  -> (artifact id: '3b74cf9df1011b55187f56e8c67b03f3') in 0.023074 seconds 
  Import took 0.027537 seconds .

========================================================================
Received Import Request.
  Time since last request: 0.000640 seconds.
  path: Assets/Imports/checkbox-icon-27.jpg
  artifactKey: Guid(385d14e4e30d15c45aa64359e15c7d13) Importer(815301076,1909f56bfc062723c751e8b465ee728b)
Start importing Assets/Imports/checkbox-icon-27.jpg using Guid(385d14e4e30d15c45aa64359e15c7d13) Importer(815301076,1909f56bfc062723c751e8b465ee728b)  -> (artifact id: '412d977d3415d004b73e99a82ad592e0') in 0.022140 seconds 
  Import took 0.026444 seconds .

========================================================================
Received Import Request.
  Time since last request: 0.000394 seconds.
  path: Assets/Imports/green-plus-sign-icon-6.jpg
  artifactKey: Guid(a93395375521e0f4c9177c76c72f3ae5) Importer(815301076,1909f56bfc062723c751e8b465ee728b)
Start importing Assets/Imports/green-plus-sign-icon-6.jpg using Guid(a93395375521e0f4c9177c76c72f3ae5) Importer(815301076,1909f56bfc062723c751e8b465ee728b)  -> (artifact id: '85cb8337710a8b4077d4d36604a30e0a') in 0.022982 seconds 
  Import took 0.026805 seconds .

========================================================================
Received Prepare
Refreshing native plugins compatible for Editor in 4.09 ms, found 2 plugins.
Preloading 0 native plugins for Editor in 0.00 ms.
Unloading 12 Unused Serialized files (Serialized files now loaded: 0)
System memory in use before: 40.6 MB.
System memory in use after: 40.7 MB.

Unloading 11 unused Assets to reduce memory usage. Loaded Objects now: 1834.
Total: 3.063300 ms (FindLiveObjects: 0.196200 ms CreateObjectMapping: 0.051000 ms MarkObjects: 2.790400 ms  DeleteObjects: 0.023500 ms)

AssetImportParameters requested are different than current active one (requested -> active):
  custom:framework-win-MediaFoundation: 216162199b28c13a410421893ffa2e32 -> 
  custom:video-decoder-ogg-theora: a1e56fd34408186e4bbccfd4996cb3dc -> 
  custom:container-muxer-webm: aa71ff27fc2769a1b78a27578f13a17b -> 
  custom:container-demuxer-webm: 4f35f7cbe854078d1ac9338744f61a02 -> 
  custom:container-demuxer-ogg: 62fdf1f143b41e24485cea50d1cbac27 -> 
  custom:video-encoder-webm-vp8: eb34c28f22e8b96e1ab97ce403110664 -> 
  custom:video-codec-MediaFoundation-h265: 746d11721c4dcdbdad8f713fa42b33f4 -> 
  custom:video-decoder-webm-vp8: 9c59270c3fd7afecdb556c50c9e8de78 -> 
  custom:audio-decoder-ogg-vorbis: bf7c407c2cedff20999df2af8eb42d56 -> 
  custom:audio-encoder-webm-vorbis: bf7c407c2cedff20999df2af8eb42d56 -> 
AssetImportWorkerClient::OnTransportError - code=2 error=End of file
